<?xml version="1.0" encoding="UTF-8"?>
<testsuite xmlns:xsi="http://www.w3.org/2001/XMLSchema-instance" xsi:noNamespaceSchemaLocation="https://maven.apache.org/surefire/maven-surefire-plugin/xsd/surefire-test-report.xsd" name="jdbc.StationsDaoTest" time="0.735" tests="2" errors="0" skipped="0" failures="0">
  <properties>
[...]
</properties>
  <testcase name="testSelectIncorrectParameter" classname="jdbc.StationsDaoTest" time="0.016"/>
  <testcase name="testSelectExist" classname="jdbc.StationsDaoTest" time="0.022"/>
</testsuite>